# JRE version: OpenJDK Runtime Environment (23.0+37) (build 23+37-2369)
# Java VM: OpenJDK 64-Bit Server VM (23+37-2369, mixed mode, emulated-client, sharing, tiered, compressed oops, compressed class ptrs, g1 gc, bsd-aarch64)
GC Precious Log:
 CardTable entry size: 512
 Card Set container configuration: InlinePtr #cards 4 size 8 Array Of Cards #cards 32 size 80 Howl #buckets 8 coarsen threshold 7372 Howl Bitmap #cards 1024 size 144 coarsen threshold 921 Card regions per heap region 1 cards per card region 8192
 CPUs: 10 total, 10 available
 Memory: 32768M
 Large Page Support: Disabled
 NUMA Support: Disabled
 Compressed Oops: Enabled (Zero based)
 Heap Region Size: 4M
 Heap Min Capacity: 8M
 Heap Initial Capacity: 512M
 Heap Max Capacity: 8G
 Pre-touch: Disabled
 Parallel Workers: 9
 Concurrent Workers: 2
 Concurrent Refinement Workers: 9
 Periodic GC: Disabled
Heap:
 garbage-first heap   total reserved 8388608K, committed 139264K, used 69860K [0x0000000600000000, 0x0000000800000000)
  region size 4096K, 9 young (36864K), 1 survivors (4096K)
 Metaspace       used 72880K, committed 73792K, reserved 1114112K
  class space    used 10699K, committed 11072K, reserved 1048576K
GC Heap History (20 events):
Event: 1.507 GC heap before
{Heap before GC invocations=5 (full 0):
 garbage-first heap   total reserved 8388608K, committed 81920K, used 50052K [0x0000000600000000, 0x0000000800000000)
  region size 4096K, 11 young (45056K), 3 survivors (12288K)
 Metaspace       used 27836K, committed 28224K, reserved 1114112K
  class space    used 3859K, committed 4032K, reserved 1048576K
}
Event: 1.512 GC heap after
{Heap after GC invocations=6 (full 0):
 garbage-first heap   total reserved 8388608K, committed 81920K, used 18211K [0x0000000600000000, 0x0000000800000000)
  region size 4096K, 2 young (8192K), 2 survivors (8192K)
 Metaspace       used 27836K, committed 28224K, reserved 1114112K
  class space    used 3859K, committed 4032K, reserved 1048576K
}
Event: 1.758 GC heap before
{Heap before GC invocations=6 (full 0):
 garbage-first heap   total reserved 8388608K, committed 81920K, used 55075K [0x0000000600000000, 0x0000000800000000)
  region size 4096K, 11 young (45056K), 2 survivors (8192K)
 Metaspace       used 33000K, committed 33472K, reserved 1114112K
  class space    used 4599K, committed 4800K, reserved 1048576K
}
Event: 1.760 GC heap after
{Heap after GC invocations=7 (full 0):
 garbage-first heap   total reserved 8388608K, committed 81920K, used 20970K [0x0000000600000000, 0x0000000800000000)
  region size 4096K, 2 young (8192K), 2 survivors (8192K)
 Metaspace       used 33000K, committed 33472K, reserved 1114112K
  class space    used 4599K, committed 4800K, reserved 1048576K
}
Event: 1.911 GC heap before
{Heap before GC invocations=7 (full 0):
 garbage-first heap   total reserved 8388608K, committed 81920K, used 41450K [0x0000000600000000, 0x0000000800000000)
  region size 4096K, 9 young (36864K), 2 survivors (8192K)
 Metaspace       used 35569K, committed 36096K, reserved 1114112K
  class space    used 4956K, committed 5184K, reserved 1048576K
}
Event: 1.913 GC heap after
{Heap after GC invocations=8 (full 0):
 garbage-first heap   total reserved 8388608K, committed 81920K, used 22787K [0x0000000600000000, 0x0000000800000000)
  region size 4096K, 2 young (8192K), 2 survivors (8192K)
 Metaspace       used 35569K, committed 36096K, reserved 1114112K
  class space    used 4956K, committed 5184K, reserved 1048576K
}
Event: 2.131 GC heap before
{Heap before GC invocations=9 (full 0):
 garbage-first heap   total reserved 8388608K, committed 81920K, used 55555K [0x0000000600000000, 0x0000000800000000)
  region size 4096K, 11 young (45056K), 2 survivors (8192K)
 Metaspace       used 37658K, committed 38208K, reserved 1114112K
  class space    used 5336K, committed 5568K, reserved 1048576K
}
Event: 2.133 GC heap after
{Heap after GC invocations=10 (full 0):
 garbage-first heap   total reserved 8388608K, committed 81920K, used 25157K [0x0000000600000000, 0x0000000800000000)
  region size 4096K, 2 young (8192K), 2 survivors (8192K)
 Metaspace       used 37658K, committed 38208K, reserved 1114112K
  class space    used 5336K, committed 5568K, reserved 1048576K
}
Event: 2.235 GC heap before
{Heap before GC invocations=10 (full 0):
 garbage-first heap   total reserved 8388608K, committed 81920K, used 62021K [0x0000000600000000, 0x0000000800000000)
  region size 4096K, 11 young (45056K), 2 survivors (8192K)
 Metaspace       used 42179K, committed 42880K, reserved 1114112K
  class space    used 5960K, committed 6272K, reserved 1048576K
}
Event: 2.237 GC heap after
{Heap after GC invocations=11 (full 0):
 garbage-first heap   total reserved 8388608K, committed 303104K, used 27427K [0x0000000600000000, 0x0000000800000000)
  region size 4096K, 2 young (8192K), 2 survivors (8192K)
 Metaspace       used 42179K, committed 42880K, reserved 1114112K
  class space    used 5960K, committed 6272K, reserved 1048576K
}
Event: 2.752 GC heap before
{Heap before GC invocations=11 (full 0):
 garbage-first heap   total reserved 8388608K, committed 303104K, used 195363K [0x0000000600000000, 0x0000000800000000)
  region size 4096K, 44 young (180224K), 2 survivors (8192K)
 Metaspace       used 59648K, committed 60288K, reserved 1114112K
  class space    used 8565K, committed 8832K, reserved 1048576K
}
Event: 2.757 GC heap after
{Heap after GC invocations=12 (full 0):
 garbage-first heap   total reserved 8388608K, committed 303104K, used 36888K [0x0000000600000000, 0x0000000800000000)
  region size 4096K, 4 young (16384K), 4 survivors (16384K)
 Metaspace       used 59648K, committed 60288K, reserved 1114112K
  class space    used 8565K, committed 8832K, reserved 1048576K
}
Event: 2.759 GC heap before
{Heap before GC invocations=12 (full 0):
 garbage-first heap   total reserved 8388608K, committed 303104K, used 40984K [0x0000000600000000, 0x0000000800000000)
  region size 4096K, 6 young (24576K), 4 survivors (16384K)
 Metaspace       used 59801K, committed 60480K, reserved 1114112K
  class space    used 8577K, committed 8896K, reserved 1048576K
}
Event: 2.762 GC heap after
{Heap after GC invocations=13 (full 0):
 garbage-first heap   total reserved 8388608K, committed 303104K, used 37193K [0x0000000600000000, 0x0000000800000000)
  region size 4096K, 3 young (12288K), 3 survivors (12288K)
 Metaspace       used 59801K, committed 60480K, reserved 1114112K
  class space    used 8577K, committed 8896K, reserved 1048576K
}
Event: 4.526 GC heap before
{Heap before GC invocations=14 (full 0):
 garbage-first heap   total reserved 8388608K, committed 139264K, used 106825K [0x0000000600000000, 0x0000000800000000)
  region size 4096K, 20 young (81920K), 3 survivors (12288K)
 Metaspace       used 69184K, committed 70016K, reserved 1114112K
  class space    used 10195K, committed 10560K, reserved 1048576K
}
Event: 4.530 GC heap after
{Heap after GC invocations=15 (full 0):
 garbage-first heap   total reserved 8388608K, committed 139264K, used 39920K [0x0000000600000000, 0x0000000800000000)
  region size 4096K, 1 young (4096K), 1 survivors (4096K)
 Metaspace       used 69184K, committed 70016K, reserved 1114112K
  class space    used 10195K, committed 10560K, reserved 1048576K
}
Event: 52.229 GC heap before
{Heap before GC invocations=15 (full 0):
 garbage-first heap   total reserved 8388608K, committed 139264K, used 113648K [0x0000000600000000, 0x0000000800000000)
  region size 4096K, 19 young (77824K), 1 survivors (4096K)
 Metaspace       used 72695K, committed 73664K, reserved 1114112K
  class space    used 10686K, committed 11072K, reserved 1048576K
}
Event: 52.241 GC heap after
{Heap after GC invocations=16 (full 0):
 garbage-first heap   total reserved 8388608K, committed 139264K, used 46479K [0x0000000600000000, 0x0000000800000000)
  region size 4096K, 3 young (12288K), 3 survivors (12288K)
 Metaspace       used 72695K, committed 73664K, reserved 1114112K
  class space    used 10686K, committed 11072K, reserved 1048576K
}
Event: 53.391 GC heap before
{Heap before GC invocations=16 (full 0):
 garbage-first heap   total reserved 8388608K, committed 139264K, used 50575K [0x0000000600000000, 0x0000000800000000)
  region size 4096K, 5 young (20480K), 3 survivors (12288K)
 Metaspace       used 72700K, committed 73664K, reserved 1114112K
  class space    used 10687K, committed 11072K, reserved 1048576K
}
Event: 53.393 GC heap after
{Heap after GC invocations=17 (full 0):
 garbage-first heap   total reserved 8388608K, committed 139264K, used 45284K [0x0000000600000000, 0x0000000800000000)
  region size 4096K, 1 young (4096K), 1 survivors (4096K)
 Metaspace       used 72700K, committed 73664K, reserved 1114112K
  class space    used 10687K, committed 11072K, reserved 1048576K
}

